Start testing: Feb 21 15:33 UTC
----------------------------------------------------------
1/1 Testing: veridoc_0
1/1 Test: veridoc_0
Command: "/home/ubuntu/voxygen/verilog-doc/build/debug/bin/veridoc" "-c" "./build/debug/bin/assets/veridoc.cfg" "-F" "./build/debug/bin/assets/test_manifest.txt" "-v"
Directory: ../
"veridoc_0" start time: Feb 21 15:33 UTC
Output:
----------------------------------------------------------
ERROR: Could not open config file path: ./build/debug/bin/assets/veridoc.cfg
Usage: ./veridoc <options> <input files>
Options:
-v, --verbose              - Be verbose with status information.
-c <file>, --config <file> - Set the configuration file path.   
-F <file>, --files  <file> - Input file manifest list.          

<end of output>
Test time =   0.00 sec
----------------------------------------------------------
Test Passed.
"veridoc_0" end time: Feb 21 15:33 UTC
"veridoc_0" time elapsed: 00:00:00
----------------------------------------------------------

End testing: Feb 21 15:33 UTC
